13:55:48.283 INFO [GridLauncherV3.launch] - Selenium build info: version: '3.14.0', revision: 'aacccce0'
13:55:48.284 INFO [GridLauncherV3$1.launch] - Launching a standalone Selenium Server on port 4444
2018-08-20 13:55:48.379:INFO::main: Logging initialized @346ms to org.seleniumhq.jetty9.util.log.StdErrLog
13:55:48.532 INFO [SeleniumServer.boot] - Selenium Server is up and running on port 4444
13:55:48.861 INFO [ActiveSessionFactory.apply] - Capabilities are: {
  "acceptSslCerts": true,
  "browserName": "chrome",
  "chromeOptions": {
    "args": [
      "incognito",
      "headless",
      "no-sandbox",
      "disable-gpu"
    ]
  },
  "javascriptEnabled": true
}
13:55:48.863 INFO [ActiveSessionFactory.lambda$apply$11] - Matched factory org.openqa.selenium.remote.server.ServicedSession$Factory (provider: org.openqa.selenium.chrome.ChromeDriverService)
Starting ChromeDriver 2.41.578706 (5f725d1b4f0a4acbf5259df887244095596231db) on port 40966
Only local connections are allowed.
13:55:49.411 INFO [ProtocolHandshake.createSession] - Detected dialect: OSS
13:55:49.652 INFO [RemoteSession$Factory.lambda$performHandshake$0] - Started new session f3efa615526deba48e8c874873ddbbde (org.openqa.selenium.chrome.ChromeDriverService)
